17:00:46.011 [DEBUG] [org.gradle.launcher.daemon.bootstrap.DaemonMain] Assuming the daemon was started with following jvm opts: [-XX:+HeapDumpOnOutOfMemoryError, -Xmx1024m, -Dfile.encoding=UTF-8, -Duser.country, -Duser.language=en, -Duser.variant]
17:00:47.260 [INFO] [org.gradle.launcher.daemon.server.Daemon] start() called on daemon - DefaultDaemonContext[uid=27087ced-ac1a-42e5-aa80-ccc76077258a,javaHome=/opt/jdk1.8.0_162,daemonRegistryDir=/app/cache/daemon,pid=28,idleTimeout=10800000,daemonOpts=-XX:+HeapDumpOnOutOfMemoryError,-Xmx1024m,-Dfile.encoding=UTF-8,-Duser.country,-Duser.language=en,-Duser.variant]
17:00:47.466 [DEBUG] [org.gradle.internal.remote.internal.inet.InetAddresses] Adding IP addresses for network interface eth0
17:00:47.477 [DEBUG] [org.gradle.internal.remote.internal.inet.InetAddresses] Is this a loopback interface? false
17:00:47.489 [DEBUG] [org.gradle.internal.remote.internal.inet.InetAddresses] Is this a multicast interface? true
17:00:47.500 [DEBUG] [org.gradle.internal.remote.internal.inet.InetAddresses] Adding remote address /172.18.0.4
17:00:47.507 [DEBUG] [org.gradle.internal.remote.internal.inet.InetAddresses] Adding remote multicast interface eth0
17:00:47.514 [DEBUG] [org.gradle.internal.remote.internal.inet.InetAddresses] Adding IP addresses for network interface lo
17:00:47.520 [DEBUG] [org.gradle.internal.remote.internal.inet.InetAddresses] Is this a loopback interface? true
17:00:47.526 [DEBUG] [org.gradle.internal.remote.internal.inet.InetAddresses] Is this a multicast interface? false
17:00:47.531 [DEBUG] [org.gradle.internal.remote.internal.inet.InetAddresses] Adding loopback address /127.0.0.1
17:00:47.558 [DEBUG] [org.gradle.internal.remote.internal.inet.TcpIncomingConnector] Listening on [3519b10a-755d-434f-b492-e3d2034f6d37 port:33915, addresses:[/127.0.0.1]].
17:00:47.605 [DEBUG] [org.gradle.launcher.daemon.server.Daemon] Daemon starting at: Mon Mar 26 17:00:47 GMT 2018, with address: [3519b10a-755d-434f-b492-e3d2034f6d37 port:33915, addresses:[/127.0.0.1]]
17:00:47.624 [INFO] [org.gradle.launcher.daemon.server.DaemonRegistryUpdater] Advertising the daemon address to the clients: [3519b10a-755d-434f-b492-e3d2034f6d37 port:33915, addresses:[/127.0.0.1]]
17:00:47.631 [DEBUG] [org.gradle.launcher.daemon.server.DaemonRegistryUpdater] Advertised daemon context: DefaultDaemonContext[uid=27087ced-ac1a-42e5-aa80-ccc76077258a,javaHome=/opt/jdk1.8.0_162,daemonRegistryDir=/app/cache/daemon,pid=28,idleTimeout=10800000,daemonOpts=-XX:+HeapDumpOnOutOfMemoryError,-Xmx1024m,-Dfile.encoding=UTF-8,-Duser.country,-Duser.language=en,-Duser.variant]
17:00:47.640 [DEBUG] [org.gradle.launcher.daemon.registry.PersistentDaemonRegistry] Storing daemon address: [3519b10a-755d-434f-b492-e3d2034f6d37 port:33915, addresses:[/127.0.0.1]], context: DefaultDaemonContext[uid=27087ced-ac1a-42e5-aa80-ccc76077258a,javaHome=/opt/jdk1.8.0_162,daemonRegistryDir=/app/cache/daemon,pid=28,idleTimeout=10800000,daemonOpts=-XX:+HeapDumpOnOutOfMemoryError,-Xmx1024m,-Dfile.encoding=UTF-8,-Duser.country,-Duser.language=en,-Duser.variant]
17:00:47.791 [DEBUG] [org.gradle.cache.internal.DefaultFileLockManager] Waiting to acquire exclusive lock on daemon addresses registry.
17:00:47.862 [DEBUG] [org.gradle.cache.internal.DefaultFileLockManager] Lock acquired on daemon addresses registry.
17:00:47.949 [DEBUG] [org.gradle.cache.internal.DefaultFileLockManager] Releasing lock on daemon addresses registry.
17:00:47.961 [LIFECYCLE] [org.gradle.launcher.daemon.server.Daemon] Daemon server started.
17:00:47.984 [DEBUG] [org.gradle.launcher.daemon.bootstrap.DaemonStartupCommunication] Completed writing the daemon greeting. Closing streams...
17:00:48.121 [DEBUG] [org.gradle.launcher.daemon.server.Daemon] stopOnExpiration() called on daemon
17:00:48.142 [DEBUG] [org.gradle.internal.remote.internal.inet.TcpIncomingConnector] Accepted connection from /127.0.0.1:59012 to /127.0.0.1:33915.
17:00:48.180 [DEBUG] [org.gradle.launcher.daemon.server.Daemon] awaitExpiration() called on daemon
17:00:48.240 [DEBUG] [org.gradle.launcher.daemon.server.DaemonStateCoordinator] daemon is running. Sleeping until state changes.
17:00:49.422 [DEBUG] [org.gradle.launcher.daemon.server.SynchronizedDispatchConnection] thread 14: received class org.gradle.launcher.daemon.protocol.Build
17:00:49.441 [DEBUG] [org.gradle.launcher.daemon.server.DefaultDaemonConnection] thread 14: Received non-IO message from client: Build{id=6149d7b7-6db7-491d-a242-d7e47457441e.1, currentDir=/app}
17:00:49.446 [INFO] [org.gradle.launcher.daemon.server.DefaultIncomingConnectionHandler] Received command: Build{id=6149d7b7-6db7-491d-a242-d7e47457441e.1, currentDir=/app}.
17:00:49.452 [DEBUG] [org.gradle.launcher.daemon.server.DefaultIncomingConnectionHandler] Starting executing command: Build{id=6149d7b7-6db7-491d-a242-d7e47457441e.1, currentDir=/app} with connection: socket connection from /127.0.0.1:33915 to /127.0.0.1:59012.
17:00:49.485 [ERROR] [org.gradle.launcher.daemon.server.DaemonStateCoordinator] Command execution: started DaemonCommandExecution[command = Build{id=6149d7b7-6db7-491d-a242-d7e47457441e.1, currentDir=/app}, connection = DefaultDaemonConnection: socket connection from /127.0.0.1:33915 to /127.0.0.1:59012] after 0.0 minutes of idle
17:00:49.492 [INFO] [org.gradle.launcher.daemon.server.DaemonRegistryUpdater] Marking the daemon as busy, address: [3519b10a-755d-434f-b492-e3d2034f6d37 port:33915, addresses:[/127.0.0.1]]
17:00:49.499 [DEBUG] [org.gradle.launcher.daemon.registry.PersistentDaemonRegistry] Marking busy by address: [3519b10a-755d-434f-b492-e3d2034f6d37 port:33915, addresses:[/127.0.0.1]]
17:00:49.511 [DEBUG] [org.gradle.cache.internal.DefaultFileLockManager] Waiting to acquire exclusive lock on daemon addresses registry.
17:00:49.517 [DEBUG] [org.gradle.cache.internal.DefaultFileLockManager] Lock acquired on daemon addresses registry.
17:00:49.540 [DEBUG] [org.gradle.cache.internal.DefaultFileLockManager] Releasing lock on daemon addresses registry.
17:00:49.561 [DEBUG] [org.gradle.launcher.daemon.server.DaemonStateCoordinator] resetting idle timer
17:00:49.568 [DEBUG] [org.gradle.launcher.daemon.server.DaemonStateCoordinator] daemon is running. Sleeping until state changes.
17:00:49.569 [INFO] [org.gradle.launcher.daemon.server.exec.StartBuildOrRespondWithBusy] Daemon is about to start building Build{id=6149d7b7-6db7-491d-a242-d7e47457441e.1, currentDir=/app}. Dispatching build started information...
17:00:49.602 [DEBUG] [org.gradle.launcher.daemon.server.SynchronizedDispatchConnection] thread 16: dispatching class org.gradle.launcher.daemon.protocol.BuildStarted
17:00:49.800 [DEBUG] [org.gradle.launcher.daemon.server.exec.EstablishBuildEnvironment] Configuring env variables: {PATH=/usr/local/sbin:/usr/local/bin:/usr/sbin:/usr/bin:/sbin:/bin:/opt/jdk/bin, JAVA_JCE=unlimited, SPRING_PROFILES_ACTIVE=dev, JAVA_HOME=/opt/jdk, OLDPWD=/app, GLIBC_VERSION=2.27-r0, LANG=C.UTF-8, JAVA_VERSION_MAJOR=8, GRADLE_USER_HOME=cache, HOSTNAME=b0ca22e1fec6, GLIBC_REPO=https://github.com/sgerrand/alpine-pkg-glibc, JAVA_VERSION_MINOR=162, PWD=/app, JAVA_PACKAGE=jdk, JAVA_VERSION_BUILD=12, HOME=/root, SHLVL=1}
17:00:49.975 [DEBUG] [org.gradle.launcher.daemon.server.SynchronizedDispatchConnection] thread 14: received class org.gradle.launcher.daemon.protocol.CloseInput
17:00:49.981 [DEBUG] [org.gradle.launcher.daemon.server.DefaultDaemonConnection] thread 14: Received IO message from client: org.gradle.launcher.daemon.protocol.CloseInput@25a9d39d
17:00:50.086 [DEBUG] [org.gradle.launcher.daemon.server.exec.LogToClient] About to start relaying all logs to the client via the connection.
17:00:50.130 [INFO] [org.gradle.launcher.daemon.server.exec.LogToClient] The client will now receive all logging from the daemon (pid: 28). The daemon log file: /app/cache/daemon/4.5.1/daemon-28.out.log
17:00:50.147 [INFO] [org.gradle.launcher.daemon.server.exec.LogAndCheckHealth] Starting build in new daemon [memory: 954.7 MB]
17:00:50.235 [INFO] [org.gradle.launcher.daemon.server.exec.ForwardClientInput] Closing daemon's stdin at end of input.
17:00:50.253 [INFO] [org.gradle.launcher.daemon.server.exec.ForwardClientInput] The daemon will no longer process any standard input.
17:00:50.390 [DEBUG] [org.gradle.launcher.daemon.server.exec.ExecuteBuild] The daemon has started executing the build.
17:00:50.405 [DEBUG] [org.gradle.launcher.daemon.server.exec.ExecuteBuild] Executing build with daemon context: DefaultDaemonContext[uid=27087ced-ac1a-42e5-aa80-ccc76077258a,javaHome=/opt/jdk1.8.0_162,daemonRegistryDir=/app/cache/daemon,pid=28,idleTimeout=10800000,daemonOpts=-XX:+HeapDumpOnOutOfMemoryError,-Xmx1024m,-Dfile.encoding=UTF-8,-Duser.country,-Duser.language=en,-Duser.variant]
:compileJava
:processResources UP-TO-DATE
:classes
:bootRun
17:05:10.287 [main] DEBUG org.springframework.boot.devtools.settings.DevToolsSettings - Included patterns for restart : []
17:05:11.613 [main] DEBUG org.springframework.boot.devtools.settings.DevToolsSettings - Excluded patterns for restart : [/spring-boot-starter/target/classes/, /spring-boot-autoconfigure/target/classes/, /spring-boot-starter-[\w-]+/, /spring-boot/target/classes/, /spring-boot-actuator/target/classes/, /spring-boot-devtools/target/classes/]
17:05:11.615 [main] DEBUG org.springframework.boot.devtools.restart.ChangeableUrls - Matching URLs for reloading : [file:/app/build/classes/java/main/, file:/app/build/resources/main/]
2018-03-26 17:05:36.091  INFO 66 --- [  restartedMain] s.c.a.AnnotationConfigApplicationContext : Refreshing org.springframework.context.annotation.AnnotationConfigApplicationContext@4ae08832: startup date [Mon Mar 26 17:05:36 GMT 2018]; root of context hierarchy
2018-03-26 17:05:51.835  INFO 66 --- [  restartedMain] f.a.AutowiredAnnotationBeanPostProcessor : JSR-330 'javax.inject.Inject' annotation found and supported for autowiring
2018-03-26 17:05:55.921  INFO 66 --- [  restartedMain] trationDelegate$BeanPostProcessorChecker : Bean 'configurationPropertiesRebinderAutoConfiguration' of type [org.springframework.cloud.autoconfigure.ConfigurationPropertiesRebinderAutoConfiguration$$EnhancerBySpringCGLIB$$2febc58e] is not eligible for getting processed by all BeanPostProcessors (for example: not eligible for auto-proxying)

  .   ____          _            __ _ _
 /\\ / ___'_ __ _ _(_)_ __  __ _ \ \ \ \
( ( )\___ | '_ | '_| | '_ \/ _` | \ \ \ \
 \\/  ___)| |_)| | | | | || (_| |  ) ) ) )
  '  |____| .__|_| |_|_| |_\__, | / / / /
 =========|_|==============|___/=/_/_/_/
[32m :: Spring Boot :: [39m      [2m (v1.5.8.RELEASE)[0;39m

[2m2018-03-26 17:06:19.420[0;39m [32m INFO[0;39m [35m66[0;39m [2m---[0;39m [2m[  restartedMain][0;39m [36mc.e.springbootmonolith.DemoApplication  [0;39m [2m:[0;39m The following profiles are active: dev
[2m2018-03-26 17:06:20.733[0;39m [32m INFO[0;39m [35m66[0;39m [2m---[0;39m [2m[  restartedMain][0;39m [36mationConfigEmbeddedWebApplicationContext[0;39m [2m:[0;39m Refreshing org.springframework.boot.context.embedded.AnnotationConfigEmbeddedWebApplicationContext@25ae7b01: startup date [Mon Mar 26 17:06:20 GMT 2018]; parent: org.springframework.context.annotation.AnnotationConfigApplicationContext@4ae08832
[2m2018-03-26 17:07:19.523[0;39m [32m INFO[0;39m [35m66[0;39m [2m---[0;39m [2m[  restartedMain][0;39m [36mo.s.cloud.context.scope.GenericScope    [0;39m [2m:[0;39m BeanFactory id=123ef28f-659e-37ad-9d40-ac937f0bc5da
[2m2018-03-26 17:07:21.603[0;39m [32m INFO[0;39m [35m66[0;39m [2m---[0;39m [2m[  restartedMain][0;39m [36mf.a.AutowiredAnnotationBeanPostProcessor[0;39m [2m:[0;39m JSR-330 'javax.inject.Inject' annotation found and supported for autowiring
[2m2018-03-26 17:07:24.389[0;39m [32m INFO[0;39m [35m66[0;39m [2m---[0;39m [2m[  restartedMain][0;39m [36mtrationDelegate$BeanPostProcessorChecker[0;39m [2m:[0;39m Bean 'org.springframework.transaction.annotation.ProxyTransactionManagementConfiguration' of type [org.springframework.transaction.annotation.ProxyTransactionManagementConfiguration$$EnhancerBySpringCGLIB$$13d1c291] is not eligible for getting processed by all BeanPostProcessors (for example: not eligible for auto-proxying)
[2m2018-03-26 17:07:25.289[0;39m [32m INFO[0;39m [35m66[0;39m [2m---[0;39m [2m[  restartedMain][0;39m [36mtrationDelegate$BeanPostProcessorChecker[0;39m [2m:[0;39m Bean 'org.springframework.cloud.autoconfigure.ConfigurationPropertiesRebinderAutoConfiguration' of type [org.springframework.cloud.autoconfigure.ConfigurationPropertiesRebinderAutoConfiguration$$EnhancerBySpringCGLIB$$2febc58e] is not eligible for getting processed by all BeanPostProcessors (for example: not eligible for auto-proxying)
[2m2018-03-26 17:07:39.594[0;39m [32m INFO[0;39m [35m66[0;39m [2m---[0;39m [2m[  restartedMain][0;39m [36ms.b.c.e.t.TomcatEmbeddedServletContainer[0;39m [2m:[0;39m Tomcat initialized with port(s): 8090 (http)
[2m2018-03-26 17:07:39.879[0;39m [32m INFO[0;39m [35m66[0;39m [2m---[0;39m [2m[  restartedMain][0;39m [36mo.apache.catalina.core.StandardService  [0;39m [2m:[0;39m Starting service [Tomcat]
[2m2018-03-26 17:07:39.904[0;39m [32m INFO[0;39m [35m66[0;39m [2m---[0;39m [2m[  restartedMain][0;39m [36morg.apache.catalina.core.StandardEngine [0;39m [2m:[0;39m Starting Servlet Engine: Apache Tomcat/8.5.23
[2m2018-03-26 17:07:49.200[0;39m [32m INFO[0;39m [35m66[0;39m [2m---[0;39m [2m[ost-startStop-1][0;39m [36mo.a.c.c.C.[Tomcat].[localhost].[/]      [0;39m [2m:[0;39m Initializing Spring embedded WebApplicationContext
[2m2018-03-26 17:07:49.204[0;39m [32m INFO[0;39m [35m66[0;39m [2m---[0;39m [2m[ost-startStop-1][0;39m [36mo.s.web.context.ContextLoader           [0;39m [2m:[0;39m Root WebApplicationContext: initialization completed in 88475 ms
[2m2018-03-26 17:07:55.709[0;39m [32m INFO[0;39m [35m66[0;39m [2m---[0;39m [2m[ost-startStop-1][0;39m [36mo.s.b.w.servlet.ServletRegistrationBean [0;39m [2m:[0;39m Mapping servlet: 'dispatcherServlet' to [/]
[2m2018-03-26 17:07:55.825[0;39m [32m INFO[0;39m [35m66[0;39m [2m---[0;39m [2m[ost-startStop-1][0;39m [36mo.s.b.w.servlet.FilterRegistrationBean  [0;39m [2m:[0;39m Mapping filter: 'characterEncodingFilter' to: [/*]
[2m2018-03-26 17:07:55.846[0;39m [32m INFO[0;39m [35m66[0;39m [2m---[0;39m [2m[ost-startStop-1][0;39m [36mo.s.b.w.servlet.FilterRegistrationBean  [0;39m [2m:[0;39m Mapping filter: 'hiddenHttpMethodFilter' to: [/*]
[2m2018-03-26 17:07:55.855[0;39m [32m INFO[0;39m [35m66[0;39m [2m---[0;39m [2m[ost-startStop-1][0;39m [36mo.s.b.w.servlet.FilterRegistrationBean  [0;39m [2m:[0;39m Mapping filter: 'httpPutFormContentFilter' to: [/*]
[2m2018-03-26 17:07:55.861[0;39m [32m INFO[0;39m [35m66[0;39m [2m---[0;39m [2m[ost-startStop-1][0;39m [36mo.s.b.w.servlet.FilterRegistrationBean  [0;39m [2m:[0;39m Mapping filter: 'requestContextFilter' to: [/*]
[2m2018-03-26 17:08:07.021[0;39m [32m INFO[0;39m [35m66[0;39m [2m---[0;39m [2m[  restartedMain][0;39m [36mo.f.core.internal.util.VersionPrinter   [0;39m [2m:[0;39m Flyway 3.2.1 by Boxfuse
[2m2018-03-26 17:08:10.723[0;39m [32m INFO[0;39m [35m66[0;39m [2m---[0;39m [2m[  restartedMain][0;39m [36mo.f.c.i.dbsupport.DbSupportFactory      [0;39m [2m:[0;39m Database: jdbc:postgresql://postgresdev:5432/pgdev (PostgreSQL 10.3)
[2m2018-03-26 17:08:13.358[0;39m [32m INFO[0;39m [35m66[0;39m [2m---[0;39m [2m[  restartedMain][0;39m [36mo.f.core.internal.command.DbValidate    [0;39m [2m:[0;39m Validated 1 migration (execution time 00:00.635s)
[2m2018-03-26 17:08:13.414[0;39m [33m WARN[0;39m [35m66[0;39m [2m---[0;39m [2m[  restartedMain][0;39m [36mationConfigEmbeddedWebApplicationContext[0;39m [2m:[0;39m Exception encountered during context initialization - cancelling refresh attempt: org.springframework.beans.factory.BeanCreationException: Error creating bean with name 'flywayInitializer' defined in class path resource [org/springframework/boot/autoconfigure/flyway/FlywayAutoConfiguration$FlywayConfiguration.class]: Invocation of init method failed; nested exception is org.flywaydb.core.api.FlywayException: Validate failed. Migration Checksum mismatch for migration 1
-> Applied to database : -1572111770
-> Resolved locally    : 1290249241
[2m2018-03-26 17:08:13.653[0;39m [32m INFO[0;39m [35m66[0;39m [2m---[0;39m [2m[  restartedMain][0;39m [36mo.apache.catalina.core.StandardService  [0;39m [2m:[0;39m Stopping service [Tomcat]
[2m2018-03-26 17:08:14.443[0;39m [32m INFO[0;39m [35m66[0;39m [2m---[0;39m [2m[  restartedMain][0;39m [36mutoConfigurationReportLoggingInitializer[0;39m [2m:[0;39m 

Error starting ApplicationContext. To display the auto-configuration report re-run your application with 'debug' enabled.
[2m2018-03-26 17:08:14.988[0;39m [31mERROR[0;39m [35m66[0;39m [2m---[0;39m [2m[  restartedMain][0;39m [36mo.s.boot.SpringApplication              [0;39m [2m:[0;39m Application startup failed

org.springframework.beans.factory.BeanCreationException: Error creating bean with name 'flywayInitializer' defined in class path resource [org/springframework/boot/autoconfigure/flyway/FlywayAutoConfiguration$FlywayConfiguration.class]: Invocation of init method failed; nested exception is org.flywaydb.core.api.FlywayException: Validate failed. Migration Checksum mismatch for migration 1
-> Applied to database : -1572111770
-> Resolved locally    : 1290249241
	at org.springframework.beans.factory.support.AbstractAutowireCapableBeanFactory.initializeBean(AbstractAutowireCapableBeanFactory.java:1628) ~[spring-beans-4.3.12.RELEASE.jar:4.3.12.RELEASE]
	at org.springframework.beans.factory.support.AbstractAutowireCapableBeanFactory.doCreateBean(AbstractAutowireCapableBeanFactory.java:555) ~[spring-beans-4.3.12.RELEASE.jar:4.3.12.RELEASE]
	at org.springframework.beans.factory.support.AbstractAutowireCapableBeanFactory.createBean(AbstractAutowireCapableBeanFactory.java:483) ~[spring-beans-4.3.12.RELEASE.jar:4.3.12.RELEASE]
	at org.springframework.beans.factory.support.AbstractBeanFactory$1.getObject(AbstractBeanFactory.java:306) ~[spring-beans-4.3.12.RELEASE.jar:4.3.12.RELEASE]
	at org.springframework.beans.factory.support.DefaultSingletonBeanRegistry.getSingleton(DefaultSingletonBeanRegistry.java:230) ~[spring-beans-4.3.12.RELEASE.jar:4.3.12.RELEASE]
	at org.springframework.beans.factory.support.AbstractBeanFactory.doGetBean(AbstractBeanFactory.java:302) ~[spring-beans-4.3.12.RELEASE.jar:4.3.12.RELEASE]
	at org.springframework.beans.factory.support.AbstractBeanFactory.getBean(AbstractBeanFactory.java:197) ~[spring-beans-4.3.12.RELEASE.jar:4.3.12.RELEASE]
	at org.springframework.beans.factory.support.AbstractBeanFactory.doGetBean(AbstractBeanFactory.java:296) ~[spring-beans-4.3.12.RELEASE.jar:4.3.12.RELEASE]
	at org.springframework.beans.factory.support.AbstractBeanFactory.getBean(AbstractBeanFactory.java:197) ~[spring-beans-4.3.12.RELEASE.jar:4.3.12.RELEASE]
	at org.springframework.context.support.AbstractApplicationContext.getBean(AbstractApplicationContext.java:1078) ~[spring-context-4.3.12.RELEASE.jar:4.3.12.RELEASE]
	at org.springframework.context.support.AbstractApplicationContext.finishBeanFactoryInitialization(AbstractApplicationContext.java:857) ~[spring-context-4.3.12.RELEASE.jar:4.3.12.RELEASE]
	at org.springframework.context.support.AbstractApplicationContext.refresh(AbstractApplicationContext.java:543) ~[spring-context-4.3.12.RELEASE.jar:4.3.12.RELEASE]
	at org.springframework.boot.context.embedded.EmbeddedWebApplicationContext.refresh(EmbeddedWebApplicationContext.java:122) ~[spring-boot-1.5.8.RELEASE.jar:1.5.8.RELEASE]
	at org.springframework.boot.SpringApplication.refresh(SpringApplication.java:693) [spring-boot-1.5.8.RELEASE.jar:1.5.8.RELEASE]
	at org.springframework.boot.SpringApplication.refreshContext(SpringApplication.java:360) [spring-boot-1.5.8.RELEASE.jar:1.5.8.RELEASE]
	at org.springframework.boot.SpringApplication.run(SpringApplication.java:303) [spring-boot-1.5.8.RELEASE.jar:1.5.8.RELEASE]
	at org.springframework.boot.SpringApplication.run(SpringApplication.java:1118) [spring-boot-1.5.8.RELEASE.jar:1.5.8.RELEASE]
	at org.springframework.boot.SpringApplication.run(SpringApplication.java:1107) [spring-boot-1.5.8.RELEASE.jar:1.5.8.RELEASE]
	at com.example.springbootmonolith.DemoApplication.main(DemoApplication.java:21) [main/:na]
	at sun.reflect.NativeMethodAccessorImpl.invoke0(Native Method) ~[na:1.8.0_162]
	at sun.reflect.NativeMethodAccessorImpl.invoke(NativeMethodAccessorImpl.java:62) ~[na:1.8.0_162]
	at sun.reflect.DelegatingMethodAccessorImpl.invoke(DelegatingMethodAccessorImpl.java:43) ~[na:1.8.0_162]
	at java.lang.reflect.Method.invoke(Method.java:498) ~[na:1.8.0_162]
	at org.springframework.boot.devtools.restart.RestartLauncher.run(RestartLauncher.java:49) [spring-boot-devtools-1.5.8.RELEASE.jar:1.5.8.RELEASE]
Caused by: org.flywaydb.core.api.FlywayException: Validate failed. Migration Checksum mismatch for migration 1
-> Applied to database : -1572111770
-> Resolved locally    : 1290249241
	at org.flywaydb.core.Flyway.doValidate(Flyway.java:1108) ~[flyway-core-3.2.1.jar:na]
	at org.flywaydb.core.Flyway.access$300(Flyway.java:62) ~[flyway-core-3.2.1.jar:na]
	at org.flywaydb.core.Flyway$1.execute(Flyway.java:1012) ~[flyway-core-3.2.1.jar:na]
	at org.flywaydb.core.Flyway$1.execute(Flyway.java:1006) ~[flyway-core-3.2.1.jar:na]
	at org.flywaydb.core.Flyway.execute(Flyway.java:1418) ~[flyway-core-3.2.1.jar:na]
	at org.flywaydb.core.Flyway.migrate(Flyway.java:1006) ~[flyway-core-3.2.1.jar:na]
	at org.springframework.boot.autoconfigure.flyway.FlywayMigrationInitializer.afterPropertiesSet(FlywayMigrationInitializer.java:66) ~[spring-boot-autoconfigure-1.5.8.RELEASE.jar:1.5.8.RELEASE]
	at org.springframework.beans.factory.support.AbstractAutowireCapableBeanFactory.invokeInitMethods(AbstractAutowireCapableBeanFactory.java:1687) ~[spring-beans-4.3.12.RELEASE.jar:4.3.12.RELEASE]
	at org.springframework.beans.factory.support.AbstractAutowireCapableBeanFactory.initializeBean(AbstractAutowireCapableBeanFactory.java:1624) ~[spring-beans-4.3.12.RELEASE.jar:4.3.12.RELEASE]
	... 23 common frames omitted


BUILD SUCCESSFUL in 8m 33s
3 actionable tasks: 2 executed, 1 up-to-date
17:08:21.223 [DEBUG] [org.gradle.launcher.daemon.server.exec.ExecuteBuild] The daemon has finished executing the build.
17:08:21.429 [DEBUG] [org.gradle.launcher.daemon.server.DaemonStateCoordinator] daemon is running. Sleeping until state changes.
17:08:21.433 [DEBUG] [org.gradle.process.internal.health.memory.MemoryManager] Emitting OS memory status event {Total: 2096103424, Free: 296357888}
17:08:21.486 [DEBUG] [org.gradle.launcher.daemon.server.DaemonStateCoordinator] Command execution: finished waiting for DaemonCommandExecution[command = Build{id=6149d7b7-6db7-491d-a242-d7e47457441e.1, currentDir=/app}, connection = DefaultDaemonConnection: socket connection from /127.0.0.1:33915 to /127.0.0.1:59012]. Result org.gradle.launcher.daemon.server.DaemonStateCoordinator@1064d82b with state Busy
17:08:21.495 [DEBUG] [org.gradle.launcher.daemon.server.health.LowMemoryDaemonExpirationStrategy] Received memory status update: {Total: 2096103424, Free: 296357888}
17:08:21.505 [DEBUG] [org.gradle.launcher.daemon.server.DaemonStateCoordinator] Command execution: completed DaemonCommandExecution[command = Build{id=6149d7b7-6db7-491d-a242-d7e47457441e.1, currentDir=/app}, connection = DefaultDaemonConnection: socket connection from /127.0.0.1:33915 to /127.0.0.1:59012]
17:08:21.518 [DEBUG] [org.gradle.launcher.daemon.server.DaemonStateCoordinator] resetting idle timer
17:08:21.511 [DEBUG] [org.gradle.process.internal.health.memory.MemoryManager] 402653184 memory requested, 296357888 free
17:08:21.544 [DEBUG] [org.gradle.process.internal.health.memory.MemoryManager] 402653184 memory requested, 0 released, 296357888 free
17:08:21.572 [DEBUG] [org.gradle.process.internal.health.memory.MemoryManager] Emitting JVM memory status event {Maximum: 954728448, Committed: 230686720}
17:08:21.540 [INFO] [org.gradle.launcher.daemon.server.DaemonRegistryUpdater] Marking the daemon as idle, address: [3519b10a-755d-434f-b492-e3d2034f6d37 port:33915, addresses:[/127.0.0.1]]
17:08:21.620 [DEBUG] [org.gradle.launcher.daemon.registry.PersistentDaemonRegistry] Marking busy by address: [3519b10a-755d-434f-b492-e3d2034f6d37 port:33915, addresses:[/127.0.0.1]]
17:08:21.717 [DEBUG] [org.gradle.cache.internal.DefaultFileLockManager] Waiting to acquire exclusive lock on daemon addresses registry.
17:08:21.728 [DEBUG] [org.gradle.cache.internal.DefaultFileLockManager] Lock acquired on daemon addresses registry.
17:08:21.791 [DEBUG] [org.gradle.cache.internal.DefaultFileLockManager] Releasing lock on daemon addresses registry.
17:08:21.803 [DEBUG] [org.gradle.launcher.daemon.server.DaemonStateCoordinator] daemon is running. Sleeping until state changes.
17:08:21.809 [DEBUG] [org.gradle.launcher.daemon.server.exec.ReturnResult] Daemon is dispatching the build result: Success[value=null]
17:08:21.834 [DEBUG] [org.gradle.launcher.daemon.server.SynchronizedDispatchConnection] thread 13: dispatching class org.gradle.launcher.daemon.protocol.Success
17:08:22.006 [DEBUG] [org.gradle.launcher.daemon.server.DefaultIncomingConnectionHandler] Finishing executing command: Build{id=6149d7b7-6db7-491d-a242-d7e47457441e.1, currentDir=/app}
17:08:22.892 [DEBUG] [org.gradle.launcher.daemon.server.SynchronizedDispatchConnection] thread 14: received class org.gradle.launcher.daemon.protocol.Finished
17:08:22.901 [DEBUG] [org.gradle.launcher.daemon.server.DefaultDaemonConnection] thread 14: Received non-IO message from client: org.gradle.launcher.daemon.protocol.Finished@96ea7ba
17:08:22.907 [DEBUG] [org.gradle.launcher.daemon.server.DefaultIncomingConnectionHandler] Received finished message: org.gradle.launcher.daemon.protocol.Finished@96ea7ba
17:08:22.914 [DEBUG] [org.gradle.launcher.daemon.server.SynchronizedDispatchConnection] thread 13: stopping connection
17:08:23.013 [DEBUG] [org.gradle.internal.remote.internal.inet.SocketConnection] Discarding EOFException: java.io.EOFException
17:08:23.019 [DEBUG] [org.gradle.launcher.daemon.server.SynchronizedDispatchConnection] thread 14: received null
17:08:23.023 [DEBUG] [org.gradle.launcher.daemon.server.DefaultDaemonConnection] thread 14: Received end-of-input from client.
17:08:23.069 [DEBUG] [org.gradle.launcher.daemon.server.SynchronizedDispatchConnection] thread 13: stopping connection
