21:01:31.854 [DEBUG] [org.gradle.launcher.daemon.bootstrap.DaemonMain] Assuming the daemon was started with following jvm opts: [-XX:+HeapDumpOnOutOfMemoryError, -Xmx1024m, -Dfile.encoding=UTF-8, -Duser.country, -Duser.language=en, -Duser.variant]
21:01:32.532 [INFO] [org.gradle.launcher.daemon.server.Daemon] start() called on daemon - DefaultDaemonContext[uid=a77f76ea-571a-42f4-926e-368065925d3a,javaHome=/opt/jdk1.8.0_162,daemonRegistryDir=/app/cache/daemon,pid=30,idleTimeout=10800000,daemonOpts=-XX:+HeapDumpOnOutOfMemoryError,-Xmx1024m,-Dfile.encoding=UTF-8,-Duser.country,-Duser.language=en,-Duser.variant]
21:01:32.585 [DEBUG] [org.gradle.internal.remote.internal.inet.InetAddresses] Adding IP addresses for network interface eth0
21:01:32.589 [DEBUG] [org.gradle.internal.remote.internal.inet.InetAddresses] Is this a loopback interface? false
21:01:32.595 [DEBUG] [org.gradle.internal.remote.internal.inet.InetAddresses] Is this a multicast interface? true
21:01:32.599 [DEBUG] [org.gradle.internal.remote.internal.inet.InetAddresses] Adding remote address /172.18.0.3
21:01:32.603 [DEBUG] [org.gradle.internal.remote.internal.inet.InetAddresses] Adding remote multicast interface eth0
21:01:32.608 [DEBUG] [org.gradle.internal.remote.internal.inet.InetAddresses] Adding IP addresses for network interface lo
21:01:32.614 [DEBUG] [org.gradle.internal.remote.internal.inet.InetAddresses] Is this a loopback interface? true
21:01:32.618 [DEBUG] [org.gradle.internal.remote.internal.inet.InetAddresses] Is this a multicast interface? false
21:01:32.621 [DEBUG] [org.gradle.internal.remote.internal.inet.InetAddresses] Adding loopback address /127.0.0.1
21:01:32.632 [DEBUG] [org.gradle.internal.remote.internal.inet.TcpIncomingConnector] Listening on [15d091a1-5381-4963-970d-280513befc63 port:41039, addresses:[/127.0.0.1]].
21:01:32.651 [DEBUG] [org.gradle.launcher.daemon.server.Daemon] Daemon starting at: Mon Mar 19 21:01:32 GMT 2018, with address: [15d091a1-5381-4963-970d-280513befc63 port:41039, addresses:[/127.0.0.1]]
21:01:32.656 [INFO] [org.gradle.launcher.daemon.server.DaemonRegistryUpdater] Advertising the daemon address to the clients: [15d091a1-5381-4963-970d-280513befc63 port:41039, addresses:[/127.0.0.1]]
21:01:32.666 [DEBUG] [org.gradle.launcher.daemon.server.DaemonRegistryUpdater] Advertised daemon context: DefaultDaemonContext[uid=a77f76ea-571a-42f4-926e-368065925d3a,javaHome=/opt/jdk1.8.0_162,daemonRegistryDir=/app/cache/daemon,pid=30,idleTimeout=10800000,daemonOpts=-XX:+HeapDumpOnOutOfMemoryError,-Xmx1024m,-Dfile.encoding=UTF-8,-Duser.country,-Duser.language=en,-Duser.variant]
21:01:32.672 [DEBUG] [org.gradle.launcher.daemon.registry.PersistentDaemonRegistry] Storing daemon address: [15d091a1-5381-4963-970d-280513befc63 port:41039, addresses:[/127.0.0.1]], context: DefaultDaemonContext[uid=a77f76ea-571a-42f4-926e-368065925d3a,javaHome=/opt/jdk1.8.0_162,daemonRegistryDir=/app/cache/daemon,pid=30,idleTimeout=10800000,daemonOpts=-XX:+HeapDumpOnOutOfMemoryError,-Xmx1024m,-Dfile.encoding=UTF-8,-Duser.country,-Duser.language=en,-Duser.variant]
21:01:32.794 [DEBUG] [org.gradle.cache.internal.DefaultFileLockManager] Waiting to acquire exclusive lock on daemon addresses registry.
21:01:32.809 [DEBUG] [org.gradle.cache.internal.DefaultFileLockManager] Lock acquired on daemon addresses registry.
21:01:32.836 [DEBUG] [org.gradle.cache.internal.DefaultFileLockManager] Releasing lock on daemon addresses registry.
21:01:32.843 [LIFECYCLE] [org.gradle.launcher.daemon.server.Daemon] Daemon server started.
21:01:32.864 [DEBUG] [org.gradle.launcher.daemon.bootstrap.DaemonStartupCommunication] Completed writing the daemon greeting. Closing streams...
21:01:32.892 [DEBUG] [org.gradle.launcher.daemon.server.Daemon] stopOnExpiration() called on daemon
21:01:32.902 [DEBUG] [org.gradle.launcher.daemon.server.Daemon] awaitExpiration() called on daemon
21:01:32.907 [DEBUG] [org.gradle.launcher.daemon.server.DaemonStateCoordinator] daemon is running. Sleeping until state changes.
21:01:32.933 [DEBUG] [org.gradle.internal.remote.internal.inet.TcpIncomingConnector] Accepted connection from /127.0.0.1:34070 to /127.0.0.1:41039.
21:01:33.340 [DEBUG] [org.gradle.launcher.daemon.server.SynchronizedDispatchConnection] thread 14: received class org.gradle.launcher.daemon.protocol.Build
21:01:33.356 [DEBUG] [org.gradle.launcher.daemon.server.DefaultDaemonConnection] thread 14: Received non-IO message from client: Build{id=3d74bce7-3a5d-438c-8381-060b0cb309f9.1, currentDir=/app}
21:01:33.361 [INFO] [org.gradle.launcher.daemon.server.DefaultIncomingConnectionHandler] Received command: Build{id=3d74bce7-3a5d-438c-8381-060b0cb309f9.1, currentDir=/app}.
21:01:33.374 [DEBUG] [org.gradle.launcher.daemon.server.DefaultIncomingConnectionHandler] Starting executing command: Build{id=3d74bce7-3a5d-438c-8381-060b0cb309f9.1, currentDir=/app} with connection: socket connection from /127.0.0.1:41039 to /127.0.0.1:34070.
21:01:33.387 [ERROR] [org.gradle.launcher.daemon.server.DaemonStateCoordinator] Command execution: started DaemonCommandExecution[command = Build{id=3d74bce7-3a5d-438c-8381-060b0cb309f9.1, currentDir=/app}, connection = DefaultDaemonConnection: socket connection from /127.0.0.1:41039 to /127.0.0.1:34070] after 0.0 minutes of idle
21:01:33.394 [INFO] [org.gradle.launcher.daemon.server.DaemonRegistryUpdater] Marking the daemon as busy, address: [15d091a1-5381-4963-970d-280513befc63 port:41039, addresses:[/127.0.0.1]]
21:01:33.400 [DEBUG] [org.gradle.launcher.daemon.registry.PersistentDaemonRegistry] Marking busy by address: [15d091a1-5381-4963-970d-280513befc63 port:41039, addresses:[/127.0.0.1]]
21:01:33.425 [DEBUG] [org.gradle.cache.internal.DefaultFileLockManager] Waiting to acquire exclusive lock on daemon addresses registry.
21:01:33.434 [DEBUG] [org.gradle.cache.internal.DefaultFileLockManager] Lock acquired on daemon addresses registry.
21:01:33.476 [DEBUG] [org.gradle.cache.internal.DefaultFileLockManager] Releasing lock on daemon addresses registry.
21:01:33.482 [DEBUG] [org.gradle.launcher.daemon.server.DaemonStateCoordinator] resetting idle timer
21:01:33.487 [DEBUG] [org.gradle.launcher.daemon.server.DaemonStateCoordinator] daemon is running. Sleeping until state changes.
21:01:33.489 [INFO] [org.gradle.launcher.daemon.server.exec.StartBuildOrRespondWithBusy] Daemon is about to start building Build{id=3d74bce7-3a5d-438c-8381-060b0cb309f9.1, currentDir=/app}. Dispatching build started information...
21:01:33.496 [DEBUG] [org.gradle.launcher.daemon.server.SynchronizedDispatchConnection] thread 16: dispatching class org.gradle.launcher.daemon.protocol.BuildStarted
21:01:33.518 [DEBUG] [org.gradle.launcher.daemon.server.exec.EstablishBuildEnvironment] Configuring env variables: {PATH=/usr/local/sbin:/usr/local/bin:/usr/sbin:/usr/bin:/sbin:/bin:/opt/jdk/bin, JAVA_JCE=unlimited, SPRING_PROFILES_ACTIVE=dev, JAVA_HOME=/opt/jdk, OLDPWD=/app, GLIBC_VERSION=2.27-r0, LANG=C.UTF-8, JAVA_VERSION_MAJOR=8, GRADLE_USER_HOME=cache, HOSTNAME=b5353db431e1, GLIBC_REPO=https://github.com/sgerrand/alpine-pkg-glibc, JAVA_VERSION_MINOR=162, PWD=/app, JAVA_PACKAGE=jdk, JAVA_VERSION_BUILD=12, HOME=/root, SHLVL=1}
21:01:33.557 [DEBUG] [org.gradle.launcher.daemon.server.SynchronizedDispatchConnection] thread 14: received class org.gradle.launcher.daemon.protocol.CloseInput
21:01:33.563 [DEBUG] [org.gradle.launcher.daemon.server.DefaultDaemonConnection] thread 14: Received IO message from client: org.gradle.launcher.daemon.protocol.CloseInput@12f7ff07
21:01:33.577 [DEBUG] [org.gradle.launcher.daemon.server.exec.LogToClient] About to start relaying all logs to the client via the connection.
21:01:33.582 [INFO] [org.gradle.launcher.daemon.server.exec.LogToClient] The client will now receive all logging from the daemon (pid: 30). The daemon log file: /app/cache/daemon/4.5.1/daemon-30.out.log
21:01:33.590 [INFO] [org.gradle.launcher.daemon.server.exec.LogAndCheckHealth] Starting build in new daemon [memory: 954.7 MB]
21:01:33.595 [INFO] [org.gradle.launcher.daemon.server.exec.ForwardClientInput] Closing daemon's stdin at end of input.
21:01:33.599 [INFO] [org.gradle.launcher.daemon.server.exec.ForwardClientInput] The daemon will no longer process any standard input.
21:01:33.605 [DEBUG] [org.gradle.launcher.daemon.server.exec.ExecuteBuild] The daemon has started executing the build.
21:01:33.610 [DEBUG] [org.gradle.launcher.daemon.server.exec.ExecuteBuild] Executing build with daemon context: DefaultDaemonContext[uid=a77f76ea-571a-42f4-926e-368065925d3a,javaHome=/opt/jdk1.8.0_162,daemonRegistryDir=/app/cache/daemon,pid=30,idleTimeout=10800000,daemonOpts=-XX:+HeapDumpOnOutOfMemoryError,-Xmx1024m,-Dfile.encoding=UTF-8,-Duser.country,-Duser.language=en,-Duser.variant]
:compileJava
:processResources
:classes
:bootRun
21:02:20.102 [main] DEBUG org.springframework.boot.devtools.settings.DevToolsSettings - Included patterns for restart : []
21:02:20.135 [main] DEBUG org.springframework.boot.devtools.settings.DevToolsSettings - Excluded patterns for restart : [/spring-boot-starter/target/classes/, /spring-boot-autoconfigure/target/classes/, /spring-boot-starter-[\w-]+/, /spring-boot/target/classes/, /spring-boot-actuator/target/classes/, /spring-boot-devtools/target/classes/]
21:02:20.138 [main] DEBUG org.springframework.boot.devtools.restart.ChangeableUrls - Matching URLs for reloading : [file:/app/build/classes/java/main/, file:/app/build/resources/main/]

  .   ____          _            __ _ _
 /\\ / ___'_ __ _ _(_)_ __  __ _ \ \ \ \
( ( )\___ | '_ | '_| | '_ \/ _` | \ \ \ \
 \\/  ___)| |_)| | | | | || (_| |  ) ) ) )
  '  |____| .__|_| |_|_| |_\__, | / / / /
 =========|_|==============|___/=/_/_/_/
 :: Spring Boot ::        (v2.0.0.RELEASE)

2018-03-19 21:02:27.832  INFO 68 --- [  restartedMain] c.e.springbootmonolith.DemoApplication   : Starting DemoApplication on b5353db431e1 with PID 68 (/app/build/classes/java/main started by root in /app)
2018-03-19 21:02:27.837  INFO 68 --- [  restartedMain] c.e.springbootmonolith.DemoApplication   : The following profiles are active: dev
2018-03-19 21:02:29.342  INFO 68 --- [  restartedMain] ConfigServletWebServerApplicationContext : Refreshing org.springframework.boot.web.servlet.context.AnnotationConfigServletWebServerApplicationContext@3f698629: startup date [Mon Mar 19 21:02:29 GMT 2018]; root of context hierarchy
2018-03-19 21:02:49.447  INFO 68 --- [  restartedMain] trationDelegate$BeanPostProcessorChecker : Bean 'org.springframework.transaction.annotation.ProxyTransactionManagementConfiguration' of type [org.springframework.transaction.annotation.ProxyTransactionManagementConfiguration$$EnhancerBySpringCGLIB$$55655a56] is not eligible for getting processed by all BeanPostProcessors (for example: not eligible for auto-proxying)
2018-03-19 21:02:55.065  INFO 68 --- [  restartedMain] o.s.b.w.embedded.tomcat.TomcatWebServer  : Tomcat initialized with port(s): 8080 (http)
2018-03-19 21:02:55.478  INFO 68 --- [  restartedMain] o.apache.catalina.core.StandardService   : Starting service [Tomcat]
2018-03-19 21:02:55.478  INFO 68 --- [  restartedMain] org.apache.catalina.core.StandardEngine  : Starting Servlet Engine: Apache Tomcat/8.5.28
2018-03-19 21:02:55.558  INFO 68 --- [ost-startStop-1] o.a.catalina.core.AprLifecycleListener   : The APR based Apache Tomcat Native library which allows optimal performance in production environments was not found on the java.library.path: [/usr/java/packages/lib/amd64:/usr/lib64:/lib64:/lib:/usr/lib]
2018-03-19 21:02:57.393  INFO 68 --- [ost-startStop-1] o.a.c.c.C.[Tomcat].[localhost].[/]       : Initializing Spring embedded WebApplicationContext
2018-03-19 21:02:57.393  INFO 68 --- [ost-startStop-1] o.s.web.context.ContextLoader            : Root WebApplicationContext: initialization completed in 28056 ms
2018-03-19 21:02:59.479  INFO 68 --- [ost-startStop-1] o.s.b.w.servlet.ServletRegistrationBean  : Servlet dispatcherServlet mapped to [/]
2018-03-19 21:02:59.508  INFO 68 --- [ost-startStop-1] o.s.b.w.servlet.FilterRegistrationBean   : Mapping filter: 'characterEncodingFilter' to: [/*]
2018-03-19 21:02:59.510  INFO 68 --- [ost-startStop-1] o.s.b.w.servlet.FilterRegistrationBean   : Mapping filter: 'hiddenHttpMethodFilter' to: [/*]
2018-03-19 21:02:59.510  INFO 68 --- [ost-startStop-1] o.s.b.w.servlet.FilterRegistrationBean   : Mapping filter: 'httpPutFormContentFilter' to: [/*]
2018-03-19 21:02:59.510  INFO 68 --- [ost-startStop-1] o.s.b.w.servlet.FilterRegistrationBean   : Mapping filter: 'requestContextFilter' to: [/*]
2018-03-19 21:03:00.445  INFO 68 --- [  restartedMain] o.f.core.internal.util.VersionPrinter    : Flyway Community Edition 5.0.7 by Boxfuse
2018-03-19 21:03:00.490  INFO 68 --- [  restartedMain] com.zaxxer.hikari.HikariDataSource       : HikariPool-1 - Starting...
2018-03-19 21:03:01.172  INFO 68 --- [  restartedMain] com.zaxxer.hikari.HikariDataSource       : HikariPool-1 - Start completed.
2018-03-19 21:03:01.203  INFO 68 --- [  restartedMain] o.f.c.internal.database.DatabaseFactory  : Database: jdbc:postgresql://postgresdev:5432/pgdev (PostgreSQL 10.3)
2018-03-19 21:03:01.702  INFO 68 --- [  restartedMain] o.f.core.internal.command.DbValidate     : Successfully validated 2 migrations (execution time 00:00.127s)
2018-03-19 21:03:01.756  INFO 68 --- [  restartedMain] o.f.core.internal.command.DbMigrate      : Current version of schema "public": 1
2018-03-19 21:03:01.789  INFO 68 --- [  restartedMain] o.f.core.internal.command.DbMigrate      : Migrating schema "public" to version 2 - Create users table
2018-03-19 21:03:01.930 ERROR 68 --- [  restartedMain] o.f.core.internal.command.DbMigrate      : Migration of schema "public" to version 2 - Create users table failed! Changes successfully rolled back.
2018-03-19 21:03:01.965  WARN 68 --- [  restartedMain] ConfigServletWebServerApplicationContext : Exception encountered during context initialization - cancelling refresh attempt: org.springframework.beans.factory.BeanCreationException: Error creating bean with name 'flywayInitializer' defined in class path resource [org/springframework/boot/autoconfigure/flyway/FlywayAutoConfiguration$FlywayConfiguration.class]: Invocation of init method failed; nested exception is org.flywaydb.core.internal.command.DbMigrate$FlywayMigrateSqlException: 
Migration V2__Create_users_table.sql failed
-------------------------------------------
SQL State  : 42601
Error Code : 0
Message    : ERROR: syntax error at or near "USER_NAME_LAST"
  Position: 83
Location   : db/migration/V2__Create_users_table.sql (/app/build/resources/main/db/migration/V2__Create_users_table.sql)
Line       : 1
Statement  : create table USERS (
    ID serial,
    USER_NAME_FIRST varchar(100) NOT NULL
    USER_NAME_LAST varchar(100) NOT NULL
)

2018-03-19 21:03:01.967  INFO 68 --- [  restartedMain] com.zaxxer.hikari.HikariDataSource       : HikariPool-1 - Shutdown initiated...
2018-03-19 21:03:02.081  INFO 68 --- [  restartedMain] com.zaxxer.hikari.HikariDataSource       : HikariPool-1 - Shutdown completed.
2018-03-19 21:03:02.106  INFO 68 --- [  restartedMain] o.apache.catalina.core.StandardService   : Stopping service [Tomcat]
2018-03-19 21:03:02.270  INFO 68 --- [  restartedMain] ConditionEvaluationReportLoggingListener : 

Error starting ApplicationContext. To display the conditions report re-run your application with 'debug' enabled.
2018-03-19 21:03:02.310 ERROR 68 --- [  restartedMain] o.s.boot.SpringApplication               : Application run failed

org.springframework.beans.factory.BeanCreationException: Error creating bean with name 'flywayInitializer' defined in class path resource [org/springframework/boot/autoconfigure/flyway/FlywayAutoConfiguration$FlywayConfiguration.class]: Invocation of init method failed; nested exception is org.flywaydb.core.internal.command.DbMigrate$FlywayMigrateSqlException: 
Migration V2__Create_users_table.sql failed
-------------------------------------------
SQL State  : 42601
Error Code : 0
Message    : ERROR: syntax error at or near "USER_NAME_LAST"
  Position: 83
Location   : db/migration/V2__Create_users_table.sql (/app/build/resources/main/db/migration/V2__Create_users_table.sql)
Line       : 1
Statement  : create table USERS (
    ID serial,
    USER_NAME_FIRST varchar(100) NOT NULL
    USER_NAME_LAST varchar(100) NOT NULL
)

	at org.springframework.beans.factory.support.AbstractAutowireCapableBeanFactory.initializeBean(AbstractAutowireCapableBeanFactory.java:1710) ~[spring-beans-5.0.4.RELEASE.jar:5.0.4.RELEASE]
	at org.springframework.beans.factory.support.AbstractAutowireCapableBeanFactory.doCreateBean(AbstractAutowireCapableBeanFactory.java:583) ~[spring-beans-5.0.4.RELEASE.jar:5.0.4.RELEASE]
	at org.springframework.beans.factory.support.AbstractAutowireCapableBeanFactory.createBean(AbstractAutowireCapableBeanFactory.java:502) ~[spring-beans-5.0.4.RELEASE.jar:5.0.4.RELEASE]
	at org.springframework.beans.factory.support.AbstractBeanFactory.lambda$doGetBean$0(AbstractBeanFactory.java:312) ~[spring-beans-5.0.4.RELEASE.jar:5.0.4.RELEASE]
	at org.springframework.beans.factory.support.DefaultSingletonBeanRegistry.getSingleton(DefaultSingletonBeanRegistry.java:228) ~[spring-beans-5.0.4.RELEASE.jar:5.0.4.RELEASE]
	at org.springframework.beans.factory.support.AbstractBeanFactory.doGetBean(AbstractBeanFactory.java:310) ~[spring-beans-5.0.4.RELEASE.jar:5.0.4.RELEASE]
	at org.springframework.beans.factory.support.AbstractBeanFactory.getBean(AbstractBeanFactory.java:200) ~[spring-beans-5.0.4.RELEASE.jar:5.0.4.RELEASE]
	at org.springframework.beans.factory.support.AbstractBeanFactory.doGetBean(AbstractBeanFactory.java:304) ~[spring-beans-5.0.4.RELEASE.jar:5.0.4.RELEASE]
	at org.springframework.beans.factory.support.AbstractBeanFactory.getBean(AbstractBeanFactory.java:200) ~[spring-beans-5.0.4.RELEASE.jar:5.0.4.RELEASE]
	at org.springframework.context.support.AbstractApplicationContext.getBean(AbstractApplicationContext.java:1085) ~[spring-context-5.0.4.RELEASE.jar:5.0.4.RELEASE]
	at org.springframework.context.support.AbstractApplicationContext.finishBeanFactoryInitialization(AbstractApplicationContext.java:858) ~[spring-context-5.0.4.RELEASE.jar:5.0.4.RELEASE]
	at org.springframework.context.support.AbstractApplicationContext.refresh(AbstractApplicationContext.java:549) ~[spring-context-5.0.4.RELEASE.jar:5.0.4.RELEASE]
	at org.springframework.boot.web.servlet.context.ServletWebServerApplicationContext.refresh(ServletWebServerApplicationContext.java:140) ~[spring-boot-2.0.0.RELEASE.jar:2.0.0.RELEASE]
	at org.springframework.boot.SpringApplication.refresh(SpringApplication.java:752) [spring-boot-2.0.0.RELEASE.jar:2.0.0.RELEASE]
	at org.springframework.boot.SpringApplication.refreshContext(SpringApplication.java:388) [spring-boot-2.0.0.RELEASE.jar:2.0.0.RELEASE]
	at org.springframework.boot.SpringApplication.run(SpringApplication.java:327) [spring-boot-2.0.0.RELEASE.jar:2.0.0.RELEASE]
	at org.springframework.boot.SpringApplication.run(SpringApplication.java:1246) [spring-boot-2.0.0.RELEASE.jar:2.0.0.RELEASE]
	at org.springframework.boot.SpringApplication.run(SpringApplication.java:1234) [spring-boot-2.0.0.RELEASE.jar:2.0.0.RELEASE]
	at com.example.springbootmonolith.DemoApplication.main(DemoApplication.java:10) [main/:na]
	at sun.reflect.NativeMethodAccessorImpl.invoke0(Native Method) ~[na:1.8.0_162]
	at sun.reflect.NativeMethodAccessorImpl.invoke(NativeMethodAccessorImpl.java:62) ~[na:1.8.0_162]
	at sun.reflect.DelegatingMethodAccessorImpl.invoke(DelegatingMethodAccessorImpl.java:43) ~[na:1.8.0_162]
	at java.lang.reflect.Method.invoke(Method.java:498) ~[na:1.8.0_162]
	at org.springframework.boot.devtools.restart.RestartLauncher.run(RestartLauncher.java:49) [spring-boot-devtools-2.0.0.RELEASE.jar:2.0.0.RELEASE]
Caused by: org.flywaydb.core.internal.command.DbMigrate$FlywayMigrateSqlException: 
Migration V2__Create_users_table.sql failed
-------------------------------------------
SQL State  : 42601
Error Code : 0
Message    : ERROR: syntax error at or near "USER_NAME_LAST"
  Position: 83
Location   : db/migration/V2__Create_users_table.sql (/app/build/resources/main/db/migration/V2__Create_users_table.sql)
Line       : 1
Statement  : create table USERS (
    ID serial,
    USER_NAME_FIRST varchar(100) NOT NULL
    USER_NAME_LAST varchar(100) NOT NULL
)

	at org.flywaydb.core.internal.command.DbMigrate.doMigrateGroup(DbMigrate.java:365) ~[flyway-core-5.0.7.jar:na]
	at org.flywaydb.core.internal.command.DbMigrate.access$400(DbMigrate.java:52) ~[flyway-core-5.0.7.jar:na]
	at org.flywaydb.core.internal.command.DbMigrate$5.call(DbMigrate.java:297) ~[flyway-core-5.0.7.jar:na]
	at org.flywaydb.core.internal.util.jdbc.TransactionTemplate.execute(TransactionTemplate.java:75) ~[flyway-core-5.0.7.jar:na]
	at org.flywaydb.core.internal.command.DbMigrate.applyMigrations(DbMigrate.java:294) ~[flyway-core-5.0.7.jar:na]
	at org.flywaydb.core.internal.command.DbMigrate.migrateGroup(DbMigrate.java:259) ~[flyway-core-5.0.7.jar:na]
	at org.flywaydb.core.internal.command.DbMigrate.access$300(DbMigrate.java:52) ~[flyway-core-5.0.7.jar:na]
	at org.flywaydb.core.internal.command.DbMigrate$4.call(DbMigrate.java:179) ~[flyway-core-5.0.7.jar:na]
	at org.flywaydb.core.internal.command.DbMigrate$4.call(DbMigrate.java:176) ~[flyway-core-5.0.7.jar:na]
	at org.flywaydb.core.internal.database.postgresql.PostgreSQLAdvisoryLockTemplate.execute(PostgreSQLAdvisoryLockTemplate.java:71) ~[flyway-core-5.0.7.jar:na]
	at org.flywaydb.core.internal.database.postgresql.PostgreSQLConnection.lock(PostgreSQLConnection.java:110) ~[flyway-core-5.0.7.jar:na]
	at org.flywaydb.core.internal.schemahistory.JdbcTableSchemaHistory.lock(JdbcTableSchemaHistory.java:148) ~[flyway-core-5.0.7.jar:na]
	at org.flywaydb.core.internal.command.DbMigrate.migrateAll(DbMigrate.java:176) ~[flyway-core-5.0.7.jar:na]
	at org.flywaydb.core.internal.command.DbMigrate.migrate(DbMigrate.java:145) ~[flyway-core-5.0.7.jar:na]
	at org.flywaydb.core.Flyway$1.execute(Flyway.java:1206) ~[flyway-core-5.0.7.jar:na]
	at org.flywaydb.core.Flyway$1.execute(Flyway.java:1168) ~[flyway-core-5.0.7.jar:na]
	at org.flywaydb.core.Flyway.execute(Flyway.java:1655) ~[flyway-core-5.0.7.jar:na]
	at org.flywaydb.core.Flyway.migrate(Flyway.java:1168) ~[flyway-core-5.0.7.jar:na]
	at org.springframework.boot.autoconfigure.flyway.FlywayMigrationInitializer.afterPropertiesSet(FlywayMigrationInitializer.java:66) ~[spring-boot-autoconfigure-2.0.0.RELEASE.jar:2.0.0.RELEASE]
	at org.springframework.beans.factory.support.AbstractAutowireCapableBeanFactory.invokeInitMethods(AbstractAutowireCapableBeanFactory.java:1769) ~[spring-beans-5.0.4.RELEASE.jar:5.0.4.RELEASE]
	at org.springframework.beans.factory.support.AbstractAutowireCapableBeanFactory.initializeBean(AbstractAutowireCapableBeanFactory.java:1706) ~[spring-beans-5.0.4.RELEASE.jar:5.0.4.RELEASE]
	... 23 common frames omitted
Caused by: org.postgresql.util.PSQLException: ERROR: syntax error at or near "USER_NAME_LAST"
  Position: 83
	at org.postgresql.core.v3.QueryExecutorImpl.receiveErrorResponse(QueryExecutorImpl.java:2422) ~[postgresql-42.2.1.jar:42.2.1]
	at org.postgresql.core.v3.QueryExecutorImpl.processResults(QueryExecutorImpl.java:2167) ~[postgresql-42.2.1.jar:42.2.1]
	at org.postgresql.core.v3.QueryExecutorImpl.execute(QueryExecutorImpl.java:306) ~[postgresql-42.2.1.jar:42.2.1]
	at org.postgresql.jdbc.PgStatement.executeInternal(PgStatement.java:441) ~[postgresql-42.2.1.jar:42.2.1]
	at org.postgresql.jdbc.PgStatement.execute(PgStatement.java:365) ~[postgresql-42.2.1.jar:42.2.1]
	at org.postgresql.jdbc.PgStatement.executeWithFlags(PgStatement.java:307) ~[postgresql-42.2.1.jar:42.2.1]
	at org.postgresql.jdbc.PgStatement.executeCachedSql(PgStatement.java:293) ~[postgresql-42.2.1.jar:42.2.1]
	at org.postgresql.jdbc.PgStatement.executeWithFlags(PgStatement.java:270) ~[postgresql-42.2.1.jar:42.2.1]
	at org.postgresql.jdbc.PgStatement.execute(PgStatement.java:266) ~[postgresql-42.2.1.jar:42.2.1]
	at com.zaxxer.hikari.pool.ProxyStatement.execute(ProxyStatement.java:95) ~[HikariCP-2.7.8.jar:na]
	at com.zaxxer.hikari.pool.HikariProxyStatement.execute(HikariProxyStatement.java) ~[HikariCP-2.7.8.jar:na]
	at org.flywaydb.core.internal.util.jdbc.JdbcTemplate.executeStatement(JdbcTemplate.java:265) ~[flyway-core-5.0.7.jar:na]
	at org.flywaydb.core.internal.database.StandardSqlStatement.execute(StandardSqlStatement.java:41) ~[flyway-core-5.0.7.jar:na]
	at org.flywaydb.core.internal.database.ExecutableSqlScript.execute(ExecutableSqlScript.java:128) ~[flyway-core-5.0.7.jar:na]
	at org.flywaydb.core.internal.resolver.sql.SqlMigrationExecutor.execute(SqlMigrationExecutor.java:75) ~[flyway-core-5.0.7.jar:na]
	at org.flywaydb.core.internal.command.DbMigrate.doMigrateGroup(DbMigrate.java:363) ~[flyway-core-5.0.7.jar:na]
	... 43 common frames omitted


BUILD SUCCESSFUL in 1m 59s
3 actionable tasks: 3 executed
21:03:03.105 [DEBUG] [org.gradle.launcher.daemon.server.exec.ExecuteBuild] The daemon has finished executing the build.
21:03:03.124 [DEBUG] [org.gradle.launcher.daemon.server.DaemonStateCoordinator] daemon is running. Sleeping until state changes.
21:03:03.138 [DEBUG] [org.gradle.launcher.daemon.server.DaemonStateCoordinator] Command execution: finished waiting for DaemonCommandExecution[command = Build{id=3d74bce7-3a5d-438c-8381-060b0cb309f9.1, currentDir=/app}, connection = DefaultDaemonConnection: socket connection from /127.0.0.1:41039 to /127.0.0.1:34070]. Result org.gradle.launcher.daemon.server.DaemonStateCoordinator@a4e8eee with state Busy
21:03:03.142 [DEBUG] [org.gradle.launcher.daemon.server.DaemonStateCoordinator] Command execution: completed DaemonCommandExecution[command = Build{id=3d74bce7-3a5d-438c-8381-060b0cb309f9.1, currentDir=/app}, connection = DefaultDaemonConnection: socket connection from /127.0.0.1:41039 to /127.0.0.1:34070]
21:03:03.146 [DEBUG] [org.gradle.launcher.daemon.server.DaemonStateCoordinator] resetting idle timer
21:03:03.149 [INFO] [org.gradle.launcher.daemon.server.DaemonRegistryUpdater] Marking the daemon as idle, address: [15d091a1-5381-4963-970d-280513befc63 port:41039, addresses:[/127.0.0.1]]
21:03:03.152 [DEBUG] [org.gradle.launcher.daemon.registry.PersistentDaemonRegistry] Marking busy by address: [15d091a1-5381-4963-970d-280513befc63 port:41039, addresses:[/127.0.0.1]]
21:03:03.163 [DEBUG] [org.gradle.cache.internal.DefaultFileLockManager] Waiting to acquire exclusive lock on daemon addresses registry.
21:03:03.170 [DEBUG] [org.gradle.cache.internal.DefaultFileLockManager] Lock acquired on daemon addresses registry.
21:03:03.188 [DEBUG] [org.gradle.cache.internal.DefaultFileLockManager] Releasing lock on daemon addresses registry.
21:03:03.217 [DEBUG] [org.gradle.launcher.daemon.server.exec.ReturnResult] Daemon is dispatching the build result: Success[value=null]
21:03:03.218 [DEBUG] [org.gradle.launcher.daemon.server.DaemonStateCoordinator] daemon is running. Sleeping until state changes.
21:03:03.225 [DEBUG] [org.gradle.launcher.daemon.server.SynchronizedDispatchConnection] thread 13: dispatching class org.gradle.launcher.daemon.protocol.Success
21:03:03.257 [DEBUG] [org.gradle.launcher.daemon.server.DefaultIncomingConnectionHandler] Finishing executing command: Build{id=3d74bce7-3a5d-438c-8381-060b0cb309f9.1, currentDir=/app}
21:03:03.275 [DEBUG] [org.gradle.launcher.daemon.server.SynchronizedDispatchConnection] thread 14: received class org.gradle.launcher.daemon.protocol.Finished
21:03:03.298 [DEBUG] [org.gradle.launcher.daemon.server.DefaultDaemonConnection] thread 14: Received non-IO message from client: org.gradle.launcher.daemon.protocol.Finished@3edf64b7
21:03:03.303 [DEBUG] [org.gradle.launcher.daemon.server.DefaultIncomingConnectionHandler] Received finished message: org.gradle.launcher.daemon.protocol.Finished@3edf64b7
21:03:03.305 [DEBUG] [org.gradle.internal.remote.internal.inet.SocketConnection] Discarding EOFException: java.io.EOFException
21:03:03.308 [DEBUG] [org.gradle.launcher.daemon.server.SynchronizedDispatchConnection] thread 13: stopping connection
21:03:03.311 [DEBUG] [org.gradle.launcher.daemon.server.SynchronizedDispatchConnection] thread 14: received null
21:03:03.319 [DEBUG] [org.gradle.launcher.daemon.server.DefaultDaemonConnection] thread 14: Received end-of-input from client.
21:03:03.327 [DEBUG] [org.gradle.launcher.daemon.server.SynchronizedDispatchConnection] thread 13: stopping connection
